[01:02:10] 
SAMPFUNCS v5.4.1-final rel.21 (SA-MP 0.3.7-R1)
Compiled: Dec 24 2018 03:13:37

Copyright (c) 2013-2018, BlastHack Team <blast.hk>

[01:02:10] Base address: 0x05A00000.
[01:02:10] Initializing opcodes...
[01:02:10] Opcodes initialized successfully. Total opcodes: 382.
[01:02:10] Hook "CTimer::GetRealTimeScale" installed.
[01:02:10] Hook "CPad::Update" installed.
[01:02:10] Hook "CCamera::RenderMotionBlur" installed.
[01:02:10] Hook "CScriptThread::AddScriptToQueue" installed.
[01:02:10] Hook "CScriptThread::RemoveScriptFromQueue" installed.
[01:02:10] Hook "CScriptThread::Process" installed.
[01:02:10] Hook "WinMainLoop" installed.
[01:02:10] Hook "CLoadingScreen::RenderSplash" installed.
[01:02:10] Hook "CVehicle::CVehicle" installed.
[01:02:10] Hook "CVehicle::~CVehicle" installed.
[01:02:10] Hook "CPed::CPed" installed.
[01:02:10] Hook "CPed::~CPed" installed.
[01:02:10] Initializing plugins...
[01:02:10] SF Plugin "PerfectInvisible.sf" loaded.
[01:02:12] samp.dll base addres: 0x043A0000
[01:02:12] Hook "SAMP: CNetGame::CNetGame" installed.
[01:02:12] Hook "SAMP: CDialog::Close" installed.
[01:02:12] Hook "SAMP: QuitGame" installed.
[01:02:12] Hook "SAMP: CCmdWindow::ProcessInput" installed.
[01:02:18] {C0C0C0}[ML] {FA9746}(system) {C0C0C0}Session started.
[01:02:18] {C0C0C0}[ML] {C0C0C0}
MoonLoader v.026.5-beta loaded.
[01:02:18] {C0C0C0}[ML] {C0C0C0}Developers: FYP, hnnssy, EvgeN 1137

[01:02:18] {C0C0C0}[ML] {C0C0C0}Copyright (c) 2016, BlastHack Team
[01:02:18] {C0C0C0}[ML] {C0C0C0}http://blast.hk/moonloader/

[01:02:18] {C0C0C0}[ML] {A9EFF5}(info) {C0C0C0}Working directory: D:\Program Files (x86)\GTA San Andreas\moonloader
[01:02:18] {C0C0C0}[ML] {FA9746}(system) {C0C0C0}Installing pre-game hooks...
[01:02:18] {C0C0C0}[ML] {FA9746}(system) {C0C0C0}Hooks installed.
[01:02:18] {C0C0C0}[ML] {FA9746}(system) {C0C0C0}Loading script 'D:\Program Files (x86)\GTA San Andreas\moonloader\AutoReboot.lua'...
[01:02:18] {C0C0C0}[ML] {FA9746}(system) {E0E0E0}ML-AutoReboot: {C0C0C0}Loaded successfully.
[01:02:18] {C0C0C0}[ML] {FA9746}(system) {C0C0C0}Loading script 'D:\Program Files (x86)\GTA San Andreas\moonloader\auto_register_language.lua'...
[01:02:18] {C0C0C0}[ML] {FA9746}(system) {E0E0E0}auto_register_language.lua: {C0C0C0}Loaded successfully.
[01:02:18] {C0C0C0}[ML] {FA9746}(system) {C0C0C0}Loading script 'D:\Program Files (x86)\GTA San Andreas\moonloader\auto_tutorial_v3.lua'...
[01:02:18] {C0C0C0}[ML] {FA9746}(system) {E0E0E0}auto_tutorial_v3.lua: {C0C0C0}Loaded successfully.
[01:02:18] {C0C0C0}[ML] {FA9746}(system) {C0C0C0}Loading script 'D:\Program Files (x86)\GTA San Andreas\moonloader\check-moonloader-updates.lua'...
[01:02:18] {C0C0C0}[ML] {FA9746}(system) {E0E0E0}Check MoonLoader Updates: {C0C0C0}Loaded successfully.
[01:02:18] {C0C0C0}[ML] {FA9746}(system) {C0C0C0}Loading script 'D:\Program Files (x86)\GTA San Andreas\moonloader\fast game loading.lua'...
[01:02:18] {C0C0C0}[ML] {FA9746}(system) {E0E0E0}fast game loading.lua: {C0C0C0}Loaded successfully.
[01:02:18] {C0C0C0}[ML] {FA9746}(system) {C0C0C0}Loading script 'D:\Program Files (x86)\GTA San Andreas\moonloader\infinite_sprint.lua'...
[01:02:18] {C0C0C0}[ML] {FA9746}(system) {E0E0E0}infinite_sprint.lua: {C0C0C0}Loaded successfully.
[01:02:18] {C0C0C0}[ML] {FA9746}(system) {C0C0C0}Loading script 'D:\Program Files (x86)\GTA San Andreas\moonloader\onlineChecker.lua'...
[01:02:18] {C0C0C0}[ML] {FA9746}(system) {E0E0E0}onlineChecker.lua: {C0C0C0}Loaded successfully.
[01:02:18] {C0C0C0}[ML] {FA9746}(system) {C0C0C0}Loading script 'D:\Program Files (x86)\GTA San Andreas\moonloader\reload_all.lua'...
[01:02:18] {C0C0C0}[ML] {FA9746}(system) {E0E0E0}ML-ReloadAll: {C0C0C0}Loaded successfully.
[01:02:18] {C0C0C0}[ML] {FA9746}(system) {C0C0C0}Loading script 'D:\Program Files (x86)\GTA San Andreas\moonloader\SF Integration.lua'...
[01:02:18] {C0C0C0}[ML] {FA9746}(system) {E0E0E0}SF Integration: {C0C0C0}Loaded successfully.
[01:02:18] {C0C0C0}[ML] {FA9746}(system) {C0C0C0}Installing post-load hooks...
[01:02:18] {C0C0C0}[ML] {FA9746}(system) {C0C0C0}Hooks installed.
[01:02:21] Direct3DDevice9 hook installed.
[01:02:21] Hook "SAMP: RakPeer::HandleRPCPacket" installed.
[01:02:22] Initializing SAMP data...
[01:02:22] Info initialized.
[01:02:22] Pools initialized.
[01:02:22] Player pool initialized.
[01:02:22] Vehicle pool initialized.
[01:02:22] Chat initialized.
[01:02:22] Input initialized.
[01:02:22] Death list initialized.
[01:02:22] Dialog initialized.
[01:02:22] Misc data initialized.
[01:02:22] Scoreboard initialized.
[01:02:22] RakNet initialized.
[01:02:22] SAMPFUNCS v5.4.1-final rel.21 (SA-MP 0.3.7-R1) completely loaded!
[01:02:22] {FF0000}Reconnect for Diamond RP by Vovich
[01:02:22] {FF0000}For activation please, use command {228FFF}/rec [seconds]
[01:08:24] Hook "SAMP: CNetGame::~CNetGame" installed.
[01:08:25] Uninitializing SAMPFUNCS...
[01:08:25] Exited.
